0 info it worked if it ends with ok
1 verbose cli [ '/usr/local/bin/node', '/usr/local/bin/npm', 'run', 'mono' ]
2 info using npm@3.10.9
3 info using node@v6.9.2
4 verbose run-script [ 'premono', 'mono', 'postmono' ]
5 info lifecycle MineField@1.0.0~premono: MineField@1.0.0
6 silly lifecycle MineField@1.0.0~premono: no script for premono, continuing
7 info lifecycle MineField@1.0.0~mono: MineField@1.0.0
8 verbose lifecycle MineField@1.0.0~mono: unsafe-perm in lifecycle true
9 verbose lifecycle MineField@1.0.0~mono: PATH: /usr/local/lib/node_modules/npm/bin/node-gyp-bin:/Users/Consalvo/Workspace/Games/ChessGame/node_modules/.bin:/usr/local/bin:/usr/bin:/bin:/usr/sbin:/sbin:/opt/X11/bin:/usr/local/share/dotnet:/Library/Frameworks/Mono.framework/Versions/Current/Commands:/Users/Consalvo/Library/Application Support/itch/bin
10 verbose lifecycle MineField@1.0.0~mono: CWD: /Users/Consalvo/Workspace/Games/ChessGame
11 silly lifecycle MineField@1.0.0~mono: Args: [ '-c', 'mcs ChessGame.cs && mono ChessGame.exe' ]
12 silly lifecycle MineField@1.0.0~mono: Returned: code: 1  signal: null
13 info lifecycle MineField@1.0.0~mono: Failed to exec mono script
14 verbose stack Error: MineField@1.0.0 mono: `mcs ChessGame.cs && mono ChessGame.exe`
14 verbose stack Exit status 1
14 verbose stack     at EventEmitter.<anonymous> (/usr/local/lib/node_modules/npm/lib/utils/lifecycle.js:255:16)
14 verbose stack     at emitTwo (events.js:106:13)
14 verbose stack     at EventEmitter.emit (events.js:191:7)
14 verbose stack     at ChildProcess.<anonymous> (/usr/local/lib/node_modules/npm/lib/utils/spawn.js:40:14)
14 verbose stack     at emitTwo (events.js:106:13)
14 verbose stack     at ChildProcess.emit (events.js:191:7)
14 verbose stack     at maybeClose (internal/child_process.js:877:16)
14 verbose stack     at Process.ChildProcess._handle.onexit (internal/child_process.js:226:5)
15 verbose pkgid MineField@1.0.0
16 verbose cwd /Users/Consalvo/Workspace/Games/ChessGame
17 error Darwin 16.5.0
18 error argv "/usr/local/bin/node" "/usr/local/bin/npm" "run" "mono"
19 error node v6.9.2
20 error npm  v3.10.9
21 error code ELIFECYCLE
22 error MineField@1.0.0 mono: `mcs ChessGame.cs && mono ChessGame.exe`
22 error Exit status 1
23 error Failed at the MineField@1.0.0 mono script 'mcs ChessGame.cs && mono ChessGame.exe'.
23 error Make sure you have the latest version of node.js and npm installed.
23 error If you do, this is most likely a problem with the MineField package,
23 error not with npm itself.
23 error Tell the author that this fails on your system:
23 error     mcs ChessGame.cs && mono ChessGame.exe
23 error You can get information on how to open an issue for this project with:
23 error     npm bugs MineField
23 error Or if that isn't available, you can get their info via:
23 error     npm owner ls MineField
23 error There is likely additional logging output above.
24 verbose exit [ 1, true ]
